2023-02-24 04:17:12.804 INFO  com.Baicai.baicai.BaicaiApplication               :55  
                [32m                  [0;39m Starting BaicaiApplication using Java 1.8.0_202 on LAPTOP-FGL8FJ1O with PID 14100 (D:\myproject\baicai\target\classes started by 肖聪 in D:\myproject\baicai)
2023-02-24 04:17:12.807 INFO  com.Baicai.baicai.BaicaiApplication               :634 
                [32m                  [0;39m No active profile set, falling back to 1 default profile: "default"
2023-02-24 04:17:13.438 INFO  o.s.boot.web.embedded.tomcat.TomcatWebServer      :108 
                [32m                  [0;39m Tomcat initialized with port(s): 8080 (http)
2023-02-24 04:17:13.444 INFO  org.apache.coyote.http11.Http11NioProtocol        :173 
                [32m                  [0;39m Initializing ProtocolHandler ["http-nio-8080"]
2023-02-24 04:17:13.445 INFO  org.apache.catalina.core.StandardService          :173 
                [32m                  [0;39m Starting service [Tomcat]
2023-02-24 04:17:13.446 INFO  org.apache.catalina.core.StandardEngine           :173 
                [32m                  [0;39m Starting Servlet engine: [Apache Tomcat/9.0.64]
2023-02-24 04:17:13.546 INFO  o.a.c.core.ContainerBase.[Tomcat].[localhost].[/] :173 
                [32m                  [0;39m Initializing Spring embedded WebApplicationContext
2023-02-24 04:17:13.546 INFO  o.s.b.w.s.c.ServletWebServerApplicationContext    :292 
                [32m                  [0;39m Root WebApplicationContext: initialization completed in 703 ms
2023-02-24 04:17:13.771 INFO  org.apache.coyote.http11.Http11NioProtocol        :173 
                [32m                  [0;39m Starting ProtocolHandler ["http-nio-8080"]
2023-02-24 04:17:13.784 INFO  o.s.boot.web.embedded.tomcat.TomcatWebServer      :220 
                [32m                  [0;39m Tomcat started on port(s): 8080 (http) with context path ''
2023-02-24 04:17:13.791 INFO  com.Baicai.baicai.BaicaiApplication               :61  
                [32m                  [0;39m Started BaicaiApplication in 1.365 seconds (JVM running for 2.228)
2023-02-24 04:17:58.893 INFO  com.Baicai.baicai.BaicaiApplication               :55  
                [32m                  [0;39m Starting BaicaiApplication using Java 1.8.0_202 on LAPTOP-FGL8FJ1O with PID 11952 (D:\myproject\baicai\target\classes started by 肖聪 in D:\myproject\baicai)
2023-02-24 04:17:58.897 INFO  com.Baicai.baicai.BaicaiApplication               :634 
                [32m                  [0;39m No active profile set, falling back to 1 default profile: "default"
2023-02-24 04:17:59.540 INFO  o.s.boot.web.embedded.tomcat.TomcatWebServer      :108 
                [32m                  [0;39m Tomcat initialized with port(s): 8080 (http)
2023-02-24 04:17:59.547 INFO  org.apache.coyote.http11.Http11NioProtocol        :173 
                [32m                  [0;39m Initializing ProtocolHandler ["http-nio-8080"]
2023-02-24 04:17:59.547 INFO  org.apache.catalina.core.StandardService          :173 
                [32m                  [0;39m Starting service [Tomcat]
2023-02-24 04:17:59.548 INFO  org.apache.catalina.core.StandardEngine           :173 
                [32m                  [0;39m Starting Servlet engine: [Apache Tomcat/9.0.64]
2023-02-24 04:17:59.662 INFO  o.a.c.core.ContainerBase.[Tomcat].[localhost].[/] :173 
                [32m                  [0;39m Initializing Spring embedded WebApplicationContext
2023-02-24 04:17:59.663 INFO  o.s.b.w.s.c.ServletWebServerApplicationContext    :292 
                [32m                  [0;39m Root WebApplicationContext: initialization completed in 729 ms
2023-02-24 04:17:59.904 INFO  org.apache.coyote.http11.Http11NioProtocol        :173 
                [32m                  [0;39m Starting ProtocolHandler ["http-nio-8080"]
2023-02-24 04:17:59.917 INFO  o.s.boot.web.embedded.tomcat.TomcatWebServer      :220 
                [32m                  [0;39m Tomcat started on port(s): 8080 (http) with context path ''
2023-02-24 04:17:59.924 INFO  com.Baicai.baicai.BaicaiApplication               :61  
                [32m                  [0;39m Started BaicaiApplication in 1.376 seconds (JVM running for 1.971)
2023-02-24 04:30:27.067 INFO  com.Baicai.baicai.BaicaiApplication               :55  
                [32m                  [0;39m Starting BaicaiApplication using Java 1.8.0_202 on LAPTOP-FGL8FJ1O with PID 13536 (D:\myproject\baicai\target\classes started by 肖聪 in D:\myproject\baicai)
2023-02-24 04:30:27.070 INFO  com.Baicai.baicai.BaicaiApplication               :634 
                [32m                  [0;39m No active profile set, falling back to 1 default profile: "default"
2023-02-24 04:30:27.694 INFO  o.s.boot.web.embedded.tomcat.TomcatWebServer      :108 
                [32m                  [0;39m Tomcat initialized with port(s): 8880 (http)
2023-02-24 04:30:27.701 INFO  org.apache.coyote.http11.Http11NioProtocol        :173 
                [32m                  [0;39m Initializing ProtocolHandler ["http-nio-8880"]
2023-02-24 04:30:27.702 INFO  org.apache.catalina.core.StandardService          :173 
                [32m                  [0;39m Starting service [Tomcat]
2023-02-24 04:30:27.702 INFO  org.apache.catalina.core.StandardEngine           :173 
                [32m                  [0;39m Starting Servlet engine: [Apache Tomcat/9.0.64]
2023-02-24 04:30:27.807 INFO  o.a.c.core.ContainerBase.[Tomcat].[localhost].[/] :173 
                [32m                  [0;39m Initializing Spring embedded WebApplicationContext
2023-02-24 04:30:27.808 INFO  o.s.b.w.s.c.ServletWebServerApplicationContext    :292 
                [32m                  [0;39m Root WebApplicationContext: initialization completed in 700 ms
2023-02-24 04:30:28.024 INFO  org.apache.coyote.http11.Http11NioProtocol        :173 
                [32m                  [0;39m Starting ProtocolHandler ["http-nio-8880"]
2023-02-24 04:30:28.038 INFO  o.s.boot.web.embedded.tomcat.TomcatWebServer      :220 
                [32m                  [0;39m Tomcat started on port(s): 8880 (http) with context path ''
2023-02-24 04:30:28.047 INFO  com.Baicai.baicai.BaicaiApplication               :61  
                [32m                  [0;39m Started BaicaiApplication in 1.364 seconds (JVM running for 1.921)
2023-02-24 04:43:21.266 INFO  com.Baicai.baicai.BaicaiApplication               :55  
                [32m                  [0;39m Starting BaicaiApplication using Java 1.8.0_202 on LAPTOP-FGL8FJ1O with PID 26708 (D:\myproject\baicai\target\classes started by 肖聪 in D:\myproject\baicai)
2023-02-24 04:43:21.270 INFO  com.Baicai.baicai.BaicaiApplication               :634 
                [32m                  [0;39m No active profile set, falling back to 1 default profile: "default"
2023-02-24 04:43:21.867 INFO  o.s.boot.web.embedded.tomcat.TomcatWebServer      :108 
                [32m                  [0;39m Tomcat initialized with port(s): 8880 (http)
2023-02-24 04:43:21.873 INFO  org.apache.coyote.http11.Http11NioProtocol        :173 
                [32m                  [0;39m Initializing ProtocolHandler ["http-nio-8880"]
2023-02-24 04:43:21.873 INFO  org.apache.catalina.core.StandardService          :173 
                [32m                  [0;39m Starting service [Tomcat]
2023-02-24 04:43:21.873 INFO  org.apache.catalina.core.StandardEngine           :173 
                [32m                  [0;39m Starting Servlet engine: [Apache Tomcat/9.0.64]
2023-02-24 04:43:21.971 INFO  o.a.c.core.ContainerBase.[Tomcat].[localhost].[/] :173 
                [32m                  [0;39m Initializing Spring embedded WebApplicationContext
2023-02-24 04:43:21.972 INFO  o.s.b.w.s.c.ServletWebServerApplicationContext    :292 
                [32m                  [0;39m Root WebApplicationContext: initialization completed in 666 ms
2023-02-24 04:43:22.189 INFO  org.apache.coyote.http11.Http11NioProtocol        :173 
                [32m                  [0;39m Starting ProtocolHandler ["http-nio-8880"]
2023-02-24 04:43:22.204 INFO  o.s.boot.web.embedded.tomcat.TomcatWebServer      :220 
                [32m                  [0;39m Tomcat started on port(s): 8880 (http) with context path ''
2023-02-24 04:43:22.211 INFO  com.Baicai.baicai.BaicaiApplication               :61  
                [32m                  [0;39m Started BaicaiApplication in 1.327 seconds (JVM running for 1.875)
2023-02-24 04:43:22.214 INFO  com.Baicai.baicai.BaicaiApplication               :19  
                [32m                  [0;39m 启动成功
2023-02-24 04:44:06.024 INFO  com.Baicai.baicai.BaicaiApplication               :55  
                [32m                  [0;39m Starting BaicaiApplication using Java 1.8.0_202 on LAPTOP-FGL8FJ1O with PID 24036 (D:\myproject\baicai\target\classes started by 肖聪 in D:\myproject\baicai)
2023-02-24 04:44:06.028 INFO  com.Baicai.baicai.BaicaiApplication               :634 
                [32m                  [0;39m No active profile set, falling back to 1 default profile: "default"
2023-02-24 04:44:06.650 INFO  o.s.boot.web.embedded.tomcat.TomcatWebServer      :108 
                [32m                  [0;39m Tomcat initialized with port(s): 8880 (http)
2023-02-24 04:44:06.656 INFO  org.apache.coyote.http11.Http11NioProtocol        :173 
                [32m                  [0;39m Initializing ProtocolHandler ["http-nio-8880"]
2023-02-24 04:44:06.656 INFO  org.apache.catalina.core.StandardService          :173 
                [32m                  [0;39m Starting service [Tomcat]
2023-02-24 04:44:06.656 INFO  org.apache.catalina.core.StandardEngine           :173 
                [32m                  [0;39m Starting Servlet engine: [Apache Tomcat/9.0.64]
2023-02-24 04:44:06.752 INFO  o.a.c.core.ContainerBase.[Tomcat].[localhost].[/] :173 
                [32m                  [0;39m Initializing Spring embedded WebApplicationContext
2023-02-24 04:44:06.753 INFO  o.s.b.w.s.c.ServletWebServerApplicationContext    :292 
                [32m                  [0;39m Root WebApplicationContext: initialization completed in 688 ms
2023-02-24 04:44:06.970 INFO  org.apache.coyote.http11.Http11NioProtocol        :173 
                [32m                  [0;39m Starting ProtocolHandler ["http-nio-8880"]
2023-02-24 04:44:06.985 INFO  o.s.boot.web.embedded.tomcat.TomcatWebServer      :220 
                [32m                  [0;39m Tomcat started on port(s): 8880 (http) with context path ''
2023-02-24 04:44:06.993 INFO  com.Baicai.baicai.BaicaiApplication               :61  
                [32m                  [0;39m Started BaicaiApplication in 1.325 seconds (JVM running for 1.872)
2023-02-24 04:44:06.994 INFO  com.Baicai.baicai.BaicaiApplication               :19  
                [32m                  [0;39m 启动成功
2023-02-24 04:45:19.719 INFO  com.Baicai.baicai.BaicaiApplication               :55  
                [32m                  [0;39m Starting BaicaiApplication using Java 1.8.0_202 on LAPTOP-FGL8FJ1O with PID 22128 (D:\myproject\baicai\target\classes started by 肖聪 in D:\myproject\baicai)
2023-02-24 04:45:19.721 INFO  com.Baicai.baicai.BaicaiApplication               :634 
                [32m                  [0;39m No active profile set, falling back to 1 default profile: "default"
2023-02-24 04:45:20.349 INFO  o.s.boot.web.embedded.tomcat.TomcatWebServer      :108 
                [32m                  [0;39m Tomcat initialized with port(s): 8880 (http)
2023-02-24 04:45:20.354 INFO  org.apache.coyote.http11.Http11NioProtocol        :173 
                [32m                  [0;39m Initializing ProtocolHandler ["http-nio-8880"]
2023-02-24 04:45:20.355 INFO  org.apache.catalina.core.StandardService          :173 
                [32m                  [0;39m Starting service [Tomcat]
2023-02-24 04:45:20.355 INFO  org.apache.catalina.core.StandardEngine           :173 
                [32m                  [0;39m Starting Servlet engine: [Apache Tomcat/9.0.64]
2023-02-24 04:45:20.449 INFO  o.a.c.core.ContainerBase.[Tomcat].[localhost].[/] :173 
                [32m                  [0;39m Initializing Spring embedded WebApplicationContext
2023-02-24 04:45:20.450 INFO  o.s.b.w.s.c.ServletWebServerApplicationContext    :292 
                [32m                  [0;39m Root WebApplicationContext: initialization completed in 695 ms
2023-02-24 04:45:20.674 INFO  org.apache.coyote.http11.Http11NioProtocol        :173 
                [32m                  [0;39m Starting ProtocolHandler ["http-nio-8880"]
2023-02-24 04:45:20.688 INFO  o.s.boot.web.embedded.tomcat.TomcatWebServer      :220 
                [32m                  [0;39m Tomcat started on port(s): 8880 (http) with context path ''
2023-02-24 04:45:20.695 INFO  com.Baicai.baicai.BaicaiApplication               :61  
                [32m                  [0;39m Started BaicaiApplication in 1.327 seconds (JVM running for 1.877)
2023-02-24 04:45:20.698 INFO  com.Baicai.baicai.BaicaiApplication               :19  
                [32m                  [0;39m 启动成功
2023-02-24 04:45:20.698 INFO  com.Baicai.baicai.BaicaiApplication               :20  
                [32m                  [0;39m 地址:	http://127.0.0.1:8880
